<?xml version="1.0" encoding="UTF-8" ?>
<testsuite tests="11" failures="2" name="stepdefs.testrunner1" time="0.062" errors="0" skipped="7">
  <properties>
    <property name="java.runtime.name" value="Java(TM) SE Runtime Environment"/>
    <property name="java.vm.version" value="9.0.1+11"/>
    <property name="sun.boot.library.path" value="/Library/Java/JavaVirtualMachines/jdk-9.0.1.jdk/Contents/Home/lib"/>
    <property name="gopherProxySet" value="false"/>
    <property name="java.vm.vendor" value="Oracle Corporation"/>
    <property name="java.vendor.url" value="http://java.oracle.com/"/>
    <property name="guice.disable.misplaced.annotation.check" value="true"/>
    <property name="path.separator" value=":"/>
    <property name="java.vm.name" value="Java HotSpot(TM) 64-Bit Server VM"/>
    <property name="file.encoding.pkg" value="sun.io"/>
    <property name="sun.os.patch.level" value="unknown"/>
    <property name="user.country" value="GB"/>
    <property name="sun.java.launcher" value="SUN_STANDARD"/>
    <property name="test" value="testrunner1"/>
    <property name="java.vm.specification.name" value="Java Virtual Machine Specification"/>
    <property name="user.dir" value="/Users/maduakorn/IdeaProjects/tray"/>
    <property name="java.vm.compressedOopsMode" value="Zero based"/>
    <property name="java.runtime.version" value="9.0.1+11"/>
    <property name="java.awt.graphicsenv" value="sun.awt.CGraphicsEnvironment"/>
    <property name="os.arch" value="x86_64"/>
    <property name="java.io.tmpdir" value="/var/folders/jm/_rb43rq93t1655gq840m6q9w6jb1ch/T/"/>
    <property name="line.separator" value="
"/>
    <property name="java.vm.specification.vendor" value="Oracle Corporation"/>
    <property name="os.name" value="Mac OS X"/>
    <property name="classworlds.conf" value="/usr/local/Cellar/maven@3.1/3.1.1/libexec/bin/m2.conf"/>
    <property name="sun.jnu.encoding" value="UTF-8"/>
    <property name="java.library.path" value="/Users/maduakorn/Library/Java/Extensions:/Library/Java/Extensions:/Network/Library/Java/Extensions:/System/Library/Java/Extensions:/usr/lib/java:."/>
    <property name="jdk.debug" value="release"/>
    <property name="java.class.version" value="53.0"/>
    <property name="java.specification.name" value="Java Platform API Specification"/>
    <property name="sun.management.compiler" value="HotSpot 64-Bit Tiered Compilers"/>
    <property name="os.version" value="10.13.4"/>
    <property name="http.nonProxyHosts" value="local|*.local|169.254/16|*.169.254/16"/>
    <property name="user.home" value="/Users/maduakorn"/>
    <property name="user.timezone" value="Europe/London"/>
    <property name="java.awt.printerjob" value="sun.lwawt.macosx.CPrinterJob"/>
    <property name="file.encoding" value="UTF-8"/>
    <property name="java.specification.version" value="9"/>
    <property name="user.name" value="maduakorn"/>
    <property name="java.class.path" value="/usr/local/Cellar/maven@3.1/3.1.1/libexec/boot/plexus-classworlds-2.5.1.jar"/>
    <property name="org.slf4j.simpleLogger.defaultLogLevel" value="info"/>
    <property name="java.vm.specification.version" value="9"/>
    <property name="sun.arch.data.model" value="64"/>
    <property name="sun.java.command" value="org.codehaus.plexus.classworlds.launcher.Launcher clean install test -Dtest=testrunner1"/>
    <property name="java.home" value="/Library/Java/JavaVirtualMachines/jdk-9.0.1.jdk/Contents/Home"/>
    <property name="user.language" value="en"/>
    <property name="java.specification.vendor" value="Oracle Corporation"/>
    <property name="awt.toolkit" value="sun.lwawt.macosx.LWCToolkit"/>
    <property name="java.vm.info" value="mixed mode"/>
    <property name="java.version" value="9.0.1"/>
    <property name="java.vendor" value="Oracle Corporation"/>
    <property name="maven.home" value="/usr/local/Cellar/maven@3.1/3.1.1/libexec"/>
    <property name="file.separator" value="/"/>
    <property name="java.vendor.url.bug" value="http://bugreport.java.com/bugreport/"/>
    <property name="sun.io.unicode.encoding" value="UnicodeBig"/>
    <property name="sun.cpu.endian" value="little"/>
    <property name="socksNonProxyHosts" value="local|*.local|169.254/16|*.169.254/16"/>
    <property name="ftp.nonProxyHosts" value="local|*.local|169.254/16|*.169.254/16"/>
    <property name="sun.cpu.isalist" value=""/>
  </properties>
  <testcase classname="Scenario: login and create workflow" name="Given I am at the trayio &quot;https://app.tray.io/login&quot; website" time="0.002"/>
  <testcase classname="Scenario: login and create workflow" name="And I log in" time="0"/>
  <testcase classname="Scenario: login and create workflow" name="Then I should see the Dashboard" time="0.003">
    <failure message="expected:&lt;...T HAVE ANY WORKFLOWS[]]&gt; but was:&lt;...T HAVE ANY WORKFLOWS[]&gt;" type="org.junit.ComparisonFailure">org.junit.ComparisonFailure: expected:&lt;...T HAVE ANY WORKFLOWS[]]&gt; but was:&lt;...T HAVE ANY WORKFLOWS[]&gt;
</failure>
  </testcase>
  <testcase classname="Scenario: login and create workflow" name="Scenario: login and create workflow" time="0.003">
    <failure message="expected:&lt;...T HAVE ANY WORKFLOWS[]]&gt; but was:&lt;...T HAVE ANY WORKFLOWS[]&gt;" type="org.junit.ComparisonFailure">org.junit.ComparisonFailure: expected:&lt;...T HAVE ANY WORKFLOWS[]]&gt; but was:&lt;...T HAVE ANY WORKFLOWS[]&gt;
</failure>
  </testcase>
  <testcase classname="Scenario: login and create workflow" name="When I click on create a new workflow" time="0.006">
    <skipped/>
  </testcase>
  <testcase classname="Scenario: login and create workflow" name="Then I should see the trigger selection screen" time="0.007">
    <skipped/>
  </testcase>
  <testcase classname="Scenario: login and create workflow" name="When I click the close button" time="0.007">
    <skipped/>
  </testcase>
  <testcase classname="Scenario: login and create workflow" name="Then I should see the workflow" time="0.008">
    <skipped/>
  </testcase>
  <testcase classname="Scenario: login and create workflow" name="When I delete the workflow" time="0.008">
    <skipped/>
  </testcase>
  <testcase classname="Scenario: login and create workflow" name="And I confirm that the workflow is deleted" time="0.009">
    <skipped/>
  </testcase>
  <testcase classname="Scenario: login and create workflow" name="Then I should log out" time="0.009">
    <skipped/>
  </testcase>
</testsuite>