<?xml version="1.0" encoding="UTF-8" ?>
<testsuite tests="11" failures="2" name="stepdefs.testrunner1" time="0.062" errors="0" skipped="7">
  <properties>
[...]
</properties>
  <testcase classname="Scenario: login and create workflow" name="Given I am at the trayio &quot;https://app.tray.io/login&quot; website" time="0.002"/>
  <testcase classname="Scenario: login and create workflow" name="And I log in" time="0"/>
  <testcase classname="Scenario: login and create workflow" name="Then I should see the Dashboard" time="0.003">
    <failure message="expected:&lt;...T HAVE ANY WORKFLOWS[]]&gt; but was:&lt;...T HAVE ANY WORKFLOWS[]&gt;" type="org.junit.ComparisonFailure">org.junit.ComparisonFailure: expected:&lt;...T HAVE ANY WORKFLOWS[]]&gt; but was:&lt;...T HAVE ANY WORKFLOWS[]&gt;
</failure>
  </testcase>
  <testcase classname="Scenario: login and create workflow" name="Scenario: login and create workflow" time="0.003">
    <failure message="expected:&lt;...T HAVE ANY WORKFLOWS[]]&gt; but was:&lt;...T HAVE ANY WORKFLOWS[]&gt;" type="org.junit.ComparisonFailure">org.junit.ComparisonFailure: expected:&lt;...T HAVE ANY WORKFLOWS[]]&gt; but was:&lt;...T HAVE ANY WORKFLOWS[]&gt;
</failure>
  </testcase>
  <testcase classname="Scenario: login and create workflow" name="When I click on create a new workflow" time="0.006">
    <skipped/>
  </testcase>
  <testcase classname="Scenario: login and create workflow" name="Then I should see the trigger selection screen" time="0.007">
    <skipped/>
  </testcase>
  <testcase classname="Scenario: login and create workflow" name="When I click the close button" time="0.007">
    <skipped/>
  </testcase>
  <testcase classname="Scenario: login and create workflow" name="Then I should see the workflow" time="0.008">
    <skipped/>
  </testcase>
  <testcase classname="Scenario: login and create workflow" name="When I delete the workflow" time="0.008">
    <skipped/>
  </testcase>
  <testcase classname="Scenario: login and create workflow" name="And I confirm that the workflow is deleted" time="0.009">
    <skipped/>
  </testcase>
  <testcase classname="Scenario: login and create workflow" name="Then I should log out" time="0.009">
    <skipped/>
  </testcase>
</testsuite>